Virtual User Script started at: 2022-05-10 10:58:39 AM
Starting action vuser_init.
Web Turbo Replay of LoadRunner 2022.0.0 for Windows 11; build 605 (Mar 08 2022 19:29:30)  	[MsgId: MMSG-26983]
Run mode: HTML  	[MsgId: MMSG-26993]
Replay user agent: Mozilla/5.0 (Windows NT 10.0; Win64; x64) AppleWebKit/537.36 (KHTML, like Gecko) Chrome/101.0.4951.54 Safari/537.36  	[MsgId: MMSG-26988]
Runtime Settings file: "C:\VuGenTutorial\VuGenScripts\RecordingScriptsInVugen\\default.cfg"  	[MsgId: MMSG-27141]
Ending action vuser_init.
Running Vuser...
Starting iteration 1.
Maximum number of concurrent connections per server: 6  	[MsgId: MMSG-26989]
Starting action Action.
Action.c(4): web_set_sockets_option started  	[MsgId: MMSG-26355]
Action.c(4): web_set_sockets_option was successful  	[MsgId: MMSG-26392]
Action.c(6): web_url("index.htm") started  	[MsgId: MMSG-26355]
Action.c(6): Detected non-resource "http://localhost:1080/WebTours/header.html" in "http://localhost:1080/WebTours/index.htm"  	[MsgId: MMSG-26574]
Action.c(6): Detected non-resource "http://localhost:1080/cgi-bin/welcome.pl?signOff=true" in "http://localhost:1080/WebTours/index.htm"  	[MsgId: MMSG-26574]
Action.c(6): Downloading resource "https://www.google-analytics.com/analytics.js" (specified by argument number 9)  	[MsgId: MMSG-26577]
Action.c(6): Downloading resource "https://clientservices.googleapis.com/chrome-variations/seed?osname=win&channel=stable&milestone=101" (specified by argument number 12)  	[MsgId: MMSG-26577]
Action.c(6): Found resource "http://localhost:1080/WebTours/images/hp_logo.png" in HTML "http://localhost:1080/WebTours/header.html"  	[MsgId: MMSG-26659]
Action.c(6): Found resource "http://localhost:1080/WebTours/images/webtours.png" in HTML "http://localhost:1080/WebTours/header.html"  	[MsgId: MMSG-26659]
Action.c(6): Detected non-resource "http://localhost:1080/cgi-bin/nav.pl?in=home" in "http://localhost:1080/cgi-bin/welcome.pl?signOff=true"  	[MsgId: MMSG-26574]
Action.c(6): Detected non-resource "http://localhost:1080/WebTours/home.html" in "http://localhost:1080/cgi-bin/welcome.pl?signOff=true"  	[MsgId: MMSG-26574]
Action.c(6): Found resource "http://localhost:1080/WebTours/images/mer_login.gif" in HTML "http://localhost:1080/cgi-bin/nav.pl?in=home"  	[MsgId: MMSG-26659]
Action.c(6): web_url("index.htm") was successful, 240267 body bytes, 3483 header bytes, 24 chunking overhead bytes  	[MsgId: MMSG-26385]
Action.c(18): web_add_cookie started  	[MsgId: MMSG-26355]
Action.c(18): web_add_cookie was successful  	[MsgId: MMSG-26392]
Action.c(20): web_add_cookie started  	[MsgId: MMSG-26355]
Action.c(20): web_add_cookie was successful  	[MsgId: MMSG-26392]
Action.c(22): web_add_cookie started  	[MsgId: MMSG-26355]
Action.c(22): web_add_cookie was successful  	[MsgId: MMSG-26392]
Action.c(24): web_add_cookie started  	[MsgId: MMSG-26355]
Action.c(24): web_add_cookie was successful  	[MsgId: MMSG-26392]
Action.c(26): web_add_cookie started  	[MsgId: MMSG-26355]
Action.c(26): web_add_cookie was successful  	[MsgId: MMSG-26392]
Action.c(28): web_custom_request("ListAccounts") started  	[MsgId: MMSG-26355]
Action.c(28): web_custom_request("ListAccounts") was successful, 17 body bytes, 1713 header bytes  	[MsgId: MMSG-26386]
Action.c(52): web_custom_request("json") started  	[MsgId: MMSG-26355]
Action.c(52): web_custom_request("json") was successful, 18193 body bytes, 1246 header bytes  	[MsgId: MMSG-26386]
Action.c(84): web_url("plugins_win.json") started  	[MsgId: MMSG-26355]
Action.c(84): web_url("plugins_win.json") was successful, 1871 body bytes, 808 header bytes  	[MsgId: MMSG-26386]
Action.c(114): web_url("ping") started  	[MsgId: MMSG-26355]
Action.c(114): web_url("ping") was successful, 194 body bytes, 923 header bytes  	[MsgId: MMSG-26386]
Action.c(125): web_submit_data("login.pl") started  	[MsgId: MMSG-26355]
Action.c(125): web_submit_data("login.pl") was successful, 795 body bytes, 229 header bytes, 12 chunking overhead bytes  	[MsgId: MMSG-26385]
Action.c(171): web_submit_form("reservations.pl") started  	[MsgId: MMSG-26355]
Action.c(171): Error -27979: Requested form not found  	[MsgId: MERR-27979]
Action.c(171): web_submit_form("reservations.pl") highest severity level was "ERROR", 0 body bytes, 0 header bytes  	[MsgId: MMSG-26388]
Ending action Action.
Ending iteration 1.
Ending Vuser...
Starting action vuser_end.
Ending action vuser_end.
Vuser Terminated.
